WRN: Matrix is singular.
WRN: Matrix is singular.
WRN: Matrix is singular.
WRN: Matrix is singular.
Found 21 condition(s) — processing all.

=== APRILTAG DETECTION: e0_0rpm ===

  cam1: 1832/1832 detected (100.00%) | max_consec_miss=0 | OK
  cam2: 1832/1832 detected (100.00%) | max_consec_miss=0 | OK
  cam3: 1833/1833 detected (100.00%) | max_consec_miss=0 | OK


=== APRILTAG DETECTION: e10_120rpm ===

  cam1: 1829/1829 detected (100.00%) | max_consec_miss=0 | OK
  cam2: 1828/1828 detected (100.00%) | max_consec_miss=0 | OK
  cam3: 1830/1830 detected (100.00%) | max_consec_miss=0 | OK


=== APRILTAG DETECTION: e11_140rpm ===

  cam1: 1832/1832 detected (100.00%) | max_consec_miss=0 | OK
  cam2: 1831/1831 detected (100.00%) | max_consec_miss=0 | OK
  cam3: 1833/1833 detected (100.00%) | max_consec_miss=0 | OK


=== APRILTAG DETECTION: e12_160rpm ===

  cam1: 1830/1830 detected (100.00%) | max_consec_miss=0 | OK
  cam2: 1830/1830 detected (100.00%) | max_consec_miss=0 | OK
  cam3: 1833/1833 detected (100.00%) | max_consec_miss=0 | OK


=== APRILTAG DETECTION: e13_180rpm ===

  cam1: 1828/1828 detected (100.00%) | max_consec_miss=0 | OK
  cam2: 1827/1827 detected (100.00%) | max_consec_miss=0 | OK
  cam3: 1829/1829 detected (100.00%) | max_consec_miss=0 | OK


=== APRILTAG DETECTION: e14_200rpm ===

  cam1: 1829/1829 detected (100.00%) | max_consec_miss=0 | OK
  cam2: 1828/1828 detected (100.00%) | max_consec_miss=0 | OK
  cam3: 1829/1829 detected (100.00%) | max_consec_miss=0 | OK


=== APRILTAG DETECTION: e15_220rpm ===

  cam1: 1828/1828 detected (100.00%) | max_consec_miss=0 | OK
  cam2: 1827/1827 detected (100.00%) | max_consec_miss=0 | OK
  cam3: 1829/1829 detected (100.00%) | max_consec_miss=0 | OK


=== APRILTAG DETECTION: e16_240rpm ===

  cam1: 1828/1828 detected (100.00%) | max_consec_miss=0 | OK
  cam2: 1827/1827 detected (100.00%) | max_consec_miss=0 | OK
  cam3: 1829/1829 detected (100.00%) | max_consec_miss=0 | OK


=== APRILTAG DETECTION: e17_260rpm ===

  cam1: 1832/1832 detected (100.00%) | max_consec_miss=0 | OK
  cam2: 1831/1831 detected (100.00%) | max_consec_miss=0 | OK
  cam3: 1833/1833 detected (100.00%) | max_consec_miss=0 | OK


=== APRILTAG DETECTION: e18_280rpm ===

  cam1: 1830/1830 detected (100.00%) | max_consec_miss=0 | OK
  cam2: 1829/1829 detected (100.00%) | max_consec_miss=0 | OK
  cam3: 1831/1831 detected (100.00%) | max_consec_miss=0 | OK


=== APRILTAG DETECTION: e19_300rpm ===

  cam1: 1830/1830 detected (100.00%) | max_consec_miss=0 | OK
  cam2: 1830/1830 detected (100.00%) | max_consec_miss=0 | OK
  cam3: 1833/1833 detected (100.00%) | max_consec_miss=0 | OK


=== APRILTAG DETECTION: e1_20rpm ===

  cam1: 1830/1830 detected (100.00%) | max_consec_miss=0 | OK
  cam2: 1830/1830 detected (100.00%) | max_consec_miss=0 | OK
  cam3: 1831/1831 detected (100.00%) | max_consec_miss=0 | OK


=== APRILTAG DETECTION: e20_320rpm ===

  cam1: 1112/1829 detected (60.80%) | max_consec_miss=6 | WARN
  cam2: 1122/1829 detected (61.34%) | max_consec_miss=6 | WARN
  cam3: 1831/1831 detected (100.00%) | max_consec_miss=0 | OK


=== APRILTAG DETECTION: e2_40rpm ===

  cam1: 1829/1829 detected (100.00%) | max_consec_miss=0 | OK
  cam2: 1828/1828 detected (100.00%) | max_consec_miss=0 | OK
  cam3: 1830/1830 detected (100.00%) | max_consec_miss=0 | OK


=== APRILTAG DETECTION: e3_50rpm ===

  cam1: 1830/1830 detected (100.00%) | max_consec_miss=0 | OK
  cam2: 1830/1830 detected (100.00%) | max_consec_miss=0 | OK
  cam3: 1831/1831 detected (100.00%) | max_consec_miss=0 | OK


=== APRILTAG DETECTION: e4_60rpm ===

  cam1: 1829/1829 detected (100.00%) | max_consec_miss=0 | OK
  cam2: 1830/1830 detected (100.00%) | max_consec_miss=0 | OK
  cam3: 1831/1831 detected (100.00%) | max_consec_miss=0 | OK


=== APRILTAG DETECTION: e5_70rpm ===

  cam1: 1828/1828 detected (100.00%) | max_consec_miss=0 | OK
  cam2: 1828/1828 detected (100.00%) | max_consec_miss=0 | OK
  cam3: 1829/1829 detected (100.00%) | max_consec_miss=0 | OK


=== APRILTAG DETECTION: e6_80rpm ===

  cam1: 1829/1829 detected (100.00%) | max_consec_miss=0 | OK
  cam2: 1829/1829 detected (100.00%) | max_consec_miss=0 | OK
  cam3: 1831/1831 detected (100.00%) | max_consec_miss=0 | OK


=== APRILTAG DETECTION: e7_90rpm ===

  cam1: 1828/1828 detected (100.00%) | max_consec_miss=0 | OK
  cam2: 1828/1828 detected (100.00%) | max_consec_miss=0 | OK
  cam3: 1830/1830 detected (100.00%) | max_consec_miss=0 | OK


=== APRILTAG DETECTION: e8_100rpm ===

  cam1: 1829/1829 detected (100.00%) | max_consec_miss=0 | OK
  cam2: 1829/1829 detected (100.00%) | max_consec_miss=0 | OK
  cam3: 1831/1831 detected (100.00%) | max_consec_miss=0 | OK


=== APRILTAG DETECTION: e9_110rpm ===

  cam1: 1829/1829 detected (100.00%) | max_consec_miss=0 | OK
  cam2: 1829/1829 detected (100.00%) | max_consec_miss=0 | OK
  cam3: 1831/1831 detected (100.00%) | max_consec_miss=0 | OK

